
Circuit 1 cell sky130_fd_pr__nfet_01v8 and Circuit 2 cell sky130_fd_pr__nfet_01v8 are black boxes.
Warning: Equate pins:  cell sky130_fd_pr__nfet_01v8 is a placeholder, treated as a black box.
Warning: Equate pins:  cell sky130_fd_pr__nfet_01v8 is a placeholder, treated as a black box.

Subcircuit pins:
Circuit 1: sky130_fd_pr__nfet_01v8         |Circuit 2: sky130_fd_pr__nfet_01v8         
-------------------------------------------|-------------------------------------------
1                                          |1                                          
2                                          |2                                          
3                                          |3                                          
4                                          |4                                          
---------------------------------------------------------------------------------------
Cell pin lists are equivalent.
Device classes sky130_fd_pr__nfet_01v8 and sky130_fd_pr__nfet_01v8 are equivalent.

Circuit 1 cell sky130_fd_pr__cap_mim_m3_1 and Circuit 2 cell sky130_fd_pr__cap_mim_m3_1 are black boxes.
Warning: Equate pins:  cell sky130_fd_pr__cap_mim_m3_1 is a placeholder, treated as a black box.
Warning: Equate pins:  cell sky130_fd_pr__cap_mim_m3_1 is a placeholder, treated as a black box.

Subcircuit pins:
Circuit 1: sky130_fd_pr__cap_mim_m3_1      |Circuit 2: sky130_fd_pr__cap_mim_m3_1      
-------------------------------------------|-------------------------------------------
1                                          |1                                          
2                                          |2                                          
---------------------------------------------------------------------------------------
Cell pin lists are equivalent.
Device classes sky130_fd_pr__cap_mim_m3_1 and sky130_fd_pr__cap_mim_m3_1 are equivalent.
Flattening unmatched subcell sky130_fd_pr__nfet_01v8_HHPQSU in circuit transistor_evaluate_cap_0410 (0)(1 instance)
Flattening unmatched subcell sky130_fd_pr__nfet_01v8_2B38KW in circuit transistor_evaluate_cap_0410 (0)(1 instance)
Flattening unmatched subcell sky130_fd_pr__cap_mim_m3_1_A5W7HU in circuit transistor_evaluate_cap_0410 (0)(2 instances)

Subcircuit summary:
Circuit 1: transistor_evaluate_cap_0410    |Circuit 2: transistor_evaluate_cap_0410    
-------------------------------------------|-------------------------------------------
sky130_fd_pr__nfet_01v8 (2)                |sky130_fd_pr__nfet_01v8 (2)                
sky130_fd_pr__cap_mim_m3_1 (2)             |sky130_fd_pr__cap_mim_m3_1 (2)             
Number of devices: 4                       |Number of devices: 4                       
Number of nets: 4                          |Number of nets: 4                          
---------------------------------------------------------------------------------------
Netlists match uniquely.

Subcircuit pins:
Circuit 1: transistor_evaluate_cap_0410    |Circuit 2: transistor_evaluate_cap_0410    
-------------------------------------------|-------------------------------------------
BIAS                                       |BIAS                                       
VSS                                        |VSS                                        
A1                                         |A1                                         
VDD                                        |VDD                                        
---------------------------------------------------------------------------------------
Cell pin lists are equivalent.
Device classes transistor_evaluate_cap_0410 and transistor_evaluate_cap_0410 are equivalent.

Subcircuit summary:
Circuit 1: pulldown_mosfet_cap_0410        |Circuit 2: pulldown_mosfet_cap_0410        
-------------------------------------------|-------------------------------------------
transistor_evaluate_cap_0410 (8)           |transistor_evaluate_cap_0410 (8)           
Number of devices: 8                       |Number of devices: 8                       
Number of nets: 11                         |Number of nets: 11                         
---------------------------------------------------------------------------------------
Resolving symmetries by property value.
Resolving symmetries by pin name.
Netlists match uniquely.

Subcircuit pins:
Circuit 1: pulldown_mosfet_cap_0410        |Circuit 2: pulldown_mosfet_cap_0410        
-------------------------------------------|-------------------------------------------
VSS                                        |VSS                                        
BIAS                                       |BIAS                                       
VDD                                        |VDD                                        
A8                                         |A8                                         
A7                                         |A7                                         
A6                                         |A6                                         
A5                                         |A5                                         
A4                                         |A4                                         
A2                                         |A2                                         
A3                                         |A3                                         
A1                                         |A1                                         
---------------------------------------------------------------------------------------
Cell pin lists are equivalent.
Device classes pulldown_mosfet_cap_0410 and pulldown_mosfet_cap_0410 are equivalent.

Final result: Circuits match uniquely.
.
